
> Erdos@1.91.0 compile-extensions-build
> node ./node_modules/gulp/bin/gulp.js compile-extensions-build

[08:53:05] Using gulpfile ~/Documents/GitHub/vscode/gulpfile.js
[08:53:05] Starting 'compile-extensions-build'...
[08:53:05] Starting clean-extensions-build ...
[08:53:05] Finished clean-extensions-build after 24 ms
[08:53:05] Starting bundle-marketplace-extensions-build ...
[08:53:05] [extensions] ms-vscode.js-debug-companion@1.1.3 up to date ✔︎
[08:53:05] [extensions] ms-vscode.js-debug@1.102.0 up to date ✔︎
[08:53:05] [extensions] ms-vscode.vscode-js-profile-table@1.0.10 up to date ✔︎
[08:53:05] Finished bundle-marketplace-extensions-build after 109 ms
[08:53:05] Starting bundle-extensions-build ...
[08:53:12] Bundled extension: configuration-editing/extension.webpack.config.js...
[08:53:14] Bundled extension: microsoft-authentication/extension.webpack.config.js...
[08:53:18] Bundled extension: css-language-features/extension.webpack.config.js...
[08:53:18] Bundled extension: css-language-features/server/extension.webpack.config.js...
[08:53:19] Bundled extension: debug-auto-launch/extension.webpack.config.js...
[08:53:20] Bundled extension: debug-server-ready/extension.webpack.config.js...
[08:53:22] Bundled extension: emmet/extension.webpack.config.js...
[08:53:23] Bundled extension: erdos-code-cells/extension.webpack.config.js...
(node:88469) [DEP_WEBPACK_DEPRECATION_ARRAY_TO_SET] DeprecationWarning: Compilation.modules was changed from Array to Set (using Array method 'reduce' is deprecated)
(Use `node --trace-deprecation ...` to show where the warning was created)
(node:88469) [DEP_WEBPACK_MODULE_ERRORS] DeprecationWarning: Module.errors was removed (use getErrors instead)
[08:53:47] Bundled extension: erdos-database-client/extension.webpack.config.js...
[08:53:47] 'compile-extensions-build' errored after 42 s
[08:53:47] Error: ModuleDependencyWarning: Critical dependency: require function is used in a way in which dependencies cannot be statically extracted
ModuleDependencyWarning: Critical dependency: require function is used in a way in which dependencies cannot be statically extracted
ModuleDependencyWarning: Critical dependency: require function is used in a way in which dependencies cannot be statically extracted
ModuleDependencyWarning: export 'SASL' (imported as 'protocol') was not found in '../dist/index.js' (possible exports: DatabaseError, __esModule, parse, serialize)
    at formatError (/Users/williamnickols/Documents/GitHub/vscode/node_modules/gulp-cli/lib/versioned/^4.0.0/format-error.js:21:10)
    at Gulp.<anonymous> (/Users/williamnickols/Documents/GitHub/vscode/node_modules/gulp-cli/lib/versioned/^4.0.0/log/events.js:33:15)
    at Gulp.emit (node:events:530:35)
    at Gulp.emit (node:domain:489:12)
    at Object.error (/Users/williamnickols/Documents/GitHub/vscode/node_modules/undertaker/lib/helpers/createExtensions.js:61:10)
    at handler (/Users/williamnickols/Documents/GitHub/vscode/node_modules/now-and-later/lib/map.js:50:14)
    at f (/Users/williamnickols/Documents/GitHub/vscode/node_modules/once/once.js:25:25)
    at f (/Users/williamnickols/Documents/GitHub/vscode/node_modules/once/once.js:25:25)
    at tryCatch (/Users/williamnickols/Documents/GitHub/vscode/node_modules/async-done/index.js:24:15)
    at done (/Users/williamnickols/Documents/GitHub/vscode/node_modules/async-done/index.js:40:12)
