
> code-oss-dev@1.109.0 compile
> npm run gulp compile


> code-oss-dev@1.109.0 gulp
> node --max-old-space-size=8192 ./node_modules/gulp/bin/gulp.js compile

[11:55:01] Using gulpfile ~/work/vscode/vscode/gulpfile.mjs
[11:55:01] Starting 'compile'...
[11:55:01] Starting [36mmonaco-typecheck[39m ...
[11:55:01] Starting [36mclean-out[39m ...
[11:55:01] Starting [36mclean-extension-configuration-editing[39m ...
[11:55:01] Starting [36mclean-extension-css-language-features-client[39m ...
[11:55:01] Starting [36mclean-extension-css-language-features-server[39m ...
[11:55:01] Starting [36mclean-extension-debug-auto-launch[39m ...
[11:55:01] Starting [36mclean-extension-debug-server-ready[39m ...
[11:55:01] Starting [36mclean-extension-emmet[39m ...
[11:55:01] Starting [36mclean-extension-extension-editing[39m ...
[11:55:01] Starting [36mclean-extension-git[39m ...
[11:55:01] Starting [36mclean-extension-git-base[39m ...
[11:55:01] Starting [36mclean-extension-github[39m ...
[11:55:01] Starting [36mclean-extension-github-authentication[39m ...
[11:55:01] Starting [36mclean-extension-grunt[39m ...
[11:55:01] Starting [36mclean-extension-gulp[39m ...
[11:55:01] Starting [36mclean-extension-html-language-features-client[39m ...
[11:55:01] Starting [36mclean-extension-html-language-features-server[39m ...
[11:55:01] Starting [36mclean-extension-ipynb[39m ...
[11:55:01] Starting [36mclean-extension-jake[39m ...
[11:55:01] Starting [36mclean-extension-json-language-features-client[39m ...
[11:55:01] Starting [36mclean-extension-json-language-features-server[39m ...
[11:55:01] Starting [36mclean-extension-markdown-language-features[39m ...
[11:55:01] Starting [36mclean-extension-markdown-math[39m ...
[11:55:01] Starting [36mclean-extension-media-preview[39m ...
[11:55:01] Starting [36mclean-extension-merge-conflict[39m ...
[11:55:01] Starting [36mclean-extension-mermaid-chat-features[39m ...
[11:55:01] Starting [36mclean-extension-terminal-suggest[39m ...
[11:55:01] Starting [36mclean-extension-microsoft-authentication[39m ...
[11:55:01] Starting [36mclean-extension-notebook-renderers[39m ...
[11:55:01] Starting [36mclean-extension-npm[39m ...
[11:55:01] Starting [36mclean-extension-php-language-features[39m ...
[11:55:01] Starting [36mclean-extension-references-view[39m ...
[11:55:01] Starting [36mclean-extension-search-result[39m ...
[11:55:01] Starting [36mclean-extension-simple-browser[39m ...
[11:55:01] Starting [36mclean-extension-tunnel-forwarding[39m ...
[11:55:01] Starting [36mclean-extension-typescript-language-features-web[39m ...
[11:55:01] Starting [36mclean-extension-typescript-language-features[39m ...
[11:55:01] Starting [36mclean-extension-vscode-api-tests[39m ...
[11:55:01] Starting [36mclean-extension-vscode-colorize-tests[39m ...
[11:55:01] Starting [36mclean-extension-vscode-colorize-perf-tests[39m ...
[11:55:01] Starting [36mclean-extension-vscode-test-resolver[39m ...
[11:55:01] Starting [36mclean-extension-vscode-selfhost-test-provider[39m ...
[11:55:01] Starting [36mclean-extension-vscode-selfhost-import-aid[39m ...
[11:55:01] Starting [36mcompile-extension-media[39m ...
[11:55:01] Finished [32mesbuilding extension media[39m /home/runner/work/vscode/vscode/extensions/ipynb/esbuild.mjs with 0 errors.
[11:55:01] Finished [32mesbuilding extension media[39m /home/runner/work/vscode/vscode/extensions/markdown-language-features/esbuild-preview.mjs with 0 errors.
[11:55:01] Finished [36mclean-extension-debug-auto-launch[39m after [35m175 ms[39m
[11:55:01] Starting [36mcompile-extension:debug-auto-launch[39m ...
[11:55:01] Starting [32mcompilation[39m[34m extensions[39m...
[11:55:01] Finished [36mclean-extension-debug-server-ready[39m after [35m224 ms[39m
[11:55:01] Starting [36mcompile-extension:debug-server-ready[39m ...
[11:55:01] Finished [36mclean-extension-extension-editing[39m after [35m241 ms[39m
[11:55:01] Starting [36mcompile-extension:extension-editing[39m ...
[11:55:01] Finished [36mclean-extension-grunt[39m after [35m261 ms[39m
[11:55:01] Starting [36mcompile-extension:grunt[39m ...
[11:55:01] Finished [36mclean-extension-gulp[39m after [35m275 ms[39m
[11:55:01] Starting [36mcompile-extension:gulp[39m ...
[11:55:01] Finished [36mclean-extension-jake[39m after [35m297 ms[39m
[11:55:01] Starting [36mcompile-extension:jake[39m ...
[11:55:01] Finished [36mclean-extension-markdown-math[39m after [35m334 ms[39m
[11:55:01] Starting [36mcompile-extension:markdown-math[39m ...
[11:55:01] Finished [36mclean-extension-mermaid-chat-features[39m after [35m349 ms[39m
[11:55:01] Starting [36mcompile-extension:mermaid-chat-features[39m ...
[11:55:01] Finished [36mclean-extension-simple-browser[39m after [35m403 ms[39m
[11:55:01] Starting [36mcompile-extension:simple-browser[39m ...
[11:55:01] Finished [36mclean-extension-tunnel-forwarding[39m after [35m434 ms[39m
[11:55:01] Starting [36mcompile-extension:tunnel-forwarding[39m ...
[11:55:01] Finished [36mclean-extension-vscode-colorize-tests[39m after [35m472 ms[39m
[11:55:01] Starting [36mcompile-extension:vscode-colorize-tests[39m ...
[11:55:01] Finished [36mclean-extension-vscode-selfhost-test-provider[39m after [35m487 ms[39m
[11:55:01] Starting [36mcompile-extension:vscode-selfhost-test-provider[39m ...
[11:55:01] Finished [36mclean-extension-vscode-colorize-perf-tests[39m after [35m503 ms[39m
[11:55:01] Starting [36mcompile-extension:vscode-colorize-perf-tests[39m ...
[11:55:01] Finished [36mclean-extension-merge-conflict[39m after [35m514 ms[39m
[11:55:01] Starting [36mcompile-extension:merge-conflict[39m ...
[11:55:01] Finished [36mclean-extension-vscode-selfhost-import-aid[39m after [35m525 ms[39m
[11:55:01] Starting [36mcompile-extension:vscode-selfhost-import-aid[39m ...
[11:55:01] Finished [32mesbuilding extension media[39m /home/runner/work/vscode/vscode/extensions/markdown-math/esbuild.mjs with 0 errors.
[11:55:01] Finished [32mesbuilding extension media[39m /home/runner/work/vscode/vscode/extensions/markdown-language-features/esbuild-notebook.mjs with 0 errors.
[11:55:01] Finished [32mesbuilding extension media[39m /home/runner/work/vscode/vscode/extensions/simple-browser/esbuild-preview.mjs with 0 errors.
[11:55:01] Finished [32mesbuilding extension media[39m /home/runner/work/vscode/vscode/extensions/notebook-renderers/esbuild.mjs with 0 errors.
[11:55:01] Finished [32mesbuilding extension media[39m /home/runner/work/vscode/vscode/extensions/mermaid-chat-features/esbuild-chat-webview.mjs with 0 errors.
[11:55:01] Finished [36mcompile-extension-media[39m after [35m608 ms[39m
[11:55:01] Finished [36mclean-extension-configuration-editing[39m after [35m618 ms[39m
[11:55:01] Starting [36mcompile-extension:configuration-editing[39m ...
[11:55:01] Finished [36mclean-extension-css-language-features-server[39m after [35m627 ms[39m
[11:55:01] Starting [36mcompile-extension:css-language-features-server[39m ...
[11:55:01] Finished [36mclean-extension-css-language-features-client[39m after [35m634 ms[39m
[11:55:01] Starting [36mcompile-extension:css-language-features-client[39m ...
[11:55:01] Finished [36mclean-extension-emmet[39m after [35m641 ms[39m
[11:55:01] Starting [36mcompile-extension:emmet[39m ...
[11:55:01] Finished [36mclean-extension-git[39m after [35m655 ms[39m
[11:55:01] Starting [36mcompile-extension:git[39m ...
[11:55:01] Finished [36mclean-extension-github[39m after [35m680 ms[39m
[11:55:01] Starting [36mcompile-extension:github[39m ...
[11:55:01] Finished [36mclean-extension-git-base[39m after [35m691 ms[39m
[11:55:01] Starting [36mcompile-extension:git-base[39m ...
[11:55:01] Finished [36mclean-extension-html-language-features-client[39m after [35m700 ms[39m
[11:55:01] Starting [36mcompile-extension:html-language-features-client[39m ...
[11:55:01] Finished [36mclean-extension-ipynb[39m after [35m711 ms[39m
[11:55:01] Starting [36mcompile-extension:ipynb[39m ...
[11:55:01] Finished [36mclean-extension-json-language-features-server[39m after [35m720 ms[39m
[11:55:01] Starting [36mcompile-extension:json-language-features-server[39m ...
[11:55:01] Finished [36mclean-extension-json-language-features-client[39m after [35m724 ms[39m
[11:55:01] Starting [36mcompile-extension:json-language-features-client[39m ...
[11:55:01] Finished [36mclean-extension-media-preview[39m after [35m736 ms[39m
[11:55:01] Starting [36mcompile-extension:media-preview[39m ...
[11:55:01] Finished [36mclean-extension-notebook-renderers[39m after [35m749 ms[39m
[11:55:01] Starting [36mcompile-extension:notebook-renderers[39m ...
[11:55:01] Finished [36mclean-extension-npm[39m after [35m760 ms[39m
[11:55:01] Starting [36mcompile-extension:npm[39m ...
[11:55:01] Finished [36mclean-extension-references-view[39m after [35m769 ms[39m
[11:55:01] Starting [36mcompile-extension:references-view[39m ...
[11:55:01] Finished [36mclean-extension-search-result[39m after [35m778 ms[39m
[11:55:01] Starting [36mcompile-extension:search-result[39m ...
[11:55:01] Finished [36mclean-extension-typescript-language-features-web[39m after [35m785 ms[39m
[11:55:01] Starting [36mcompile-extension:typescript-language-features-web[39m ...
[11:55:01] Finished [36mclean-extension-vscode-api-tests[39m after [35m790 ms[39m
[11:55:01] Starting [36mcompile-extension:vscode-api-tests[39m ...
[11:55:01] Finished [36mclean-extension-vscode-test-resolver[39m after [35m830 ms[39m
[11:55:01] Starting [36mcompile-extension:vscode-test-resolver[39m ...
[11:55:06] Finished [36mclean-extension-github-authentication[39m after [35m5115 ms[39m
[11:55:06] Starting [36mcompile-extension:github-authentication[39m ...
[11:55:06] Finished [36mclean-extension-markdown-language-features[39m after [35m5141 ms[39m
[11:55:06] Starting [36mcompile-extension:markdown-language-features[39m ...
[11:55:06] Finished [36mclean-extension-microsoft-authentication[39m after [35m5157 ms[39m
[11:55:06] Starting [36mcompile-extension:microsoft-authentication[39m ...
[11:55:06] Finished [36mclean-extension-php-language-features[39m after [35m5172 ms[39m
[11:55:06] Starting [36mcompile-extension:php-language-features[39m ...
[11:55:06] Finished [36mclean-extension-typescript-language-features[39m after [35m5187 ms[39m
[11:55:06] Starting [36mcompile-extension:typescript-language-features[39m ...
(node:8755) [DEP0180] DeprecationWarning: fs.Stats constructor is deprecated.
(Use `node --trace-deprecation ...` to show where the warning was created)
[11:55:07] Finished [36mclean-extension-terminal-suggest[39m after [35m5967 ms[39m
[11:55:07] Starting [36mcompile-extension:terminal-suggest[39m ...
[11:55:08] Finished [36mclean-extension-html-language-features-server[39m after [35m7839 ms[39m
[11:55:08] Starting [36mcompile-extension:html-language-features-server[39m ...
[11:55:09] Finished [36mcompile-extension:vscode-selfhost-import-aid[39m after [35m7368 ms[39m
[11:55:09] Finished [36mcompile-extension:debug-auto-launch[39m after [35m7747 ms[39m
[11:55:09] Finished [36mcompile-extension:gulp[39m after [35m7646 ms[39m
[11:55:09] Finished [36mcompile-extension:debug-server-ready[39m after [35m7699 ms[39m
[11:55:09] Finished [36mcompile-extension:grunt[39m after [35m7660 ms[39m
[11:55:09] Finished [36mcompile-extension:jake[39m after [35m7624 ms[39m
[11:55:09] Finished [36mcompile-extension:markdown-math[39m after [35m7586 ms[39m
[11:55:10] Finished [36mcompile-extension:mermaid-chat-features[39m after [35m9256 ms[39m
[11:55:12] Finished [36mclean-out[39m after [35m11803 ms[39m
[11:55:12] Starting [36mcompile-api-proposal-names[39m ...
[11:55:12] Starting [32mcompilation[39m[34m api-proposal-names[39m...
[11:55:12] Finished [36mcompile-extension:search-result[39m after [35m11021 ms[39m
[11:55:12] Finished [36mcompile-extension:tunnel-forwarding[39m after [35m11380 ms[39m
[11:55:12] Finished [36mcompile-extension:vscode-colorize-tests[39m after [35m11341 ms[39m
[11:55:12] Finished [36mcompile-extension:vscode-colorize-perf-tests[39m after [35m11311 ms[39m
[11:55:19] Finished [36mmonaco-typecheck[39m after [35m18266 ms[39m
[11:55:20] Finished [36mcompile-extension:vscode-test-resolver[39m after [35m18521 ms[39m
[11:55:20] Finished [36mcompile-extension:simple-browser[39m after [35m18960 ms[39m
[11:55:23] Finished [36mcompile-extension:extension-editing[39m after [35m22132 ms[39m
[11:55:25] Finished [36mcompile-extension:html-language-features-client[39m after [35m23602 ms[39m
[11:55:25] Finished [36mcompile-extension:json-language-features-client[39m after [35m23581 ms[39m
[11:55:25] Finished [36mcompile-extension:configuration-editing[39m after [35m23697 ms[39m
[11:55:25] Finished [36mcompile-extension:css-language-features-client[39m after [35m23689 ms[39m
[11:55:25] Finished [36mcompile-extension:json-language-features-server[39m after [35m23599 ms[39m
[11:55:25] Finished [36mcompile-extension:php-language-features[39m after [35m19154 ms[39m
[11:55:26] Finished [36mcompile-extension:git-base[39m after [35m24630 ms[39m
[11:55:26] Finished [36mcompile-extension:merge-conflict[39m after [35m24808 ms[39m
[11:55:26] Finished [36mcompile-extension:typescript-language-features-web[39m after [35m24539 ms[39m
[11:55:26] Finished [36mcompile-extension:references-view[39m after [35m24559 ms[39m
[11:55:26] Finished [36mcompile-extension:media-preview[39m after [35m24598 ms[39m
[11:55:26] Finished [36mcompile-extension:npm[39m after [35m24574 ms[39m
[11:55:27] Finished [36mcompile-extension:notebook-renderers[39m after [35m25973 ms[39m
[11:55:28] Finished [36mcompile-extension:css-language-features-server[39m after [35m27087 ms[39m
[11:55:28] Finished [36mcompile-extension:vscode-selfhost-test-provider[39m after [35m27237 ms[39m
[11:55:29] Finished [36mcompile-extension:github[39m after [35m27972 ms[39m
[11:55:32] Finished [36mcompile-extension:ipynb[39m after [35m30359 ms[39m
[11:55:32] Finished [36mcompile-extension:github-authentication[39m after [35m25966 ms[39m
[11:55:33] Finished [36mcompile-extension:microsoft-authentication[39m after [35m27425 ms[39m
[11:55:33] Finished [36mcompile-extension:vscode-api-tests[39m after [35m31825 ms[39m
[11:55:33] Finished [36mcompile-extension:emmet[39m after [35m31988 ms[39m
[11:55:33] Finished [36mcompile-extension:html-language-features-server[39m after [35m24796 ms[39m
[11:55:36] Finished [36mcompile-extension:git[39m after [35m34258 ms[39m
[11:55:36] Finished [32mcompilation[39m[34m api-proposal-names[39m with 0 errors after [35m23124 ms[39m
[11:55:36] Finished [36mcompile-api-proposal-names[39m after [35m23126 ms[39m
[11:55:36] Starting [36mcompile-src[39m ...
[11:55:43] Starting [32mcompilation[39m...
[11:55:47] Finished [36mcompile-extension:markdown-language-features[39m after [35m40789 ms[39m
[11:55:47] Finished [32mcompilation[39m[34m extensions[39m with 0 errors after [35m45947 ms[39m
[11:55:47] Finished [36mcompile-extension:typescript-language-features[39m after [35m40954 ms[39m
[11:55:47] Finished [36mcompile-extension:terminal-suggest[39m after [35m40247 ms[39m
[11:55:47] Starting [36mcompile-extensions[39m ...
[11:55:47] Finished [36mcompile-extensions[39m after [35m0 ms[39m
[11:57:41] Finished [32mcompilation[39m with 0 errors after [35m117782 ms[39m
[11:57:41] Finished [36mcompile-src[39m after [35m125451 ms[39m
[11:57:41] Starting [36mcompile-client[39m ...
[11:57:41] Finished [36mcompile-client[39m after [35m0 ms[39m
[11:57:41] Starting [36mcompile[39m ...
[11:57:41] Finished [36mcompile[39m after [35m0 ms[39m
[11:57:41] Finished 'compile' after 2.67 min
