[20:07:40] Node flags detected: --max-old-space-size=8192
[20:07:40] Respawned to PID: 6808
[20:07:42] Using gulpfile ~/work/vscode/vscode/gulpfile.mjs
[20:07:42] Starting 'compile'...
[20:07:42] Starting [36mmonaco-typecheck[39m ...
[20:07:42] Starting [36mclean-out[39m ...
[20:07:42] Starting [36mclean-extension-configuration-editing[39m ...
[20:07:42] Starting [36mclean-extension-css-language-features-client[39m ...
[20:07:42] Starting [36mclean-extension-css-language-features-server[39m ...
[20:07:42] Starting [36mclean-extension-debug-auto-launch[39m ...
[20:07:42] Starting [36mclean-extension-debug-server-ready[39m ...
[20:07:42] Starting [36mclean-extension-emmet[39m ...
[20:07:42] Starting [36mclean-extension-extension-editing[39m ...
[20:07:42] Starting [36mclean-extension-git[39m ...
[20:07:42] Starting [36mclean-extension-git-base[39m ...
[20:07:42] Starting [36mclean-extension-github[39m ...
[20:07:42] Starting [36mclean-extension-github-authentication[39m ...
[20:07:42] Starting [36mclean-extension-grunt[39m ...
[20:07:42] Starting [36mclean-extension-gulp[39m ...
[20:07:42] Starting [36mclean-extension-html-language-features-client[39m ...
[20:07:42] Starting [36mclean-extension-html-language-features-server[39m ...
[20:07:42] Starting [36mclean-extension-ipynb[39m ...
[20:07:42] Starting [36mclean-extension-jake[39m ...
[20:07:42] Starting [36mclean-extension-json-language-features-client[39m ...
[20:07:42] Starting [36mclean-extension-json-language-features-server[39m ...
[20:07:42] Starting [36mclean-extension-markdown-language-features[39m ...
[20:07:42] Starting [36mclean-extension-markdown-math[39m ...
[20:07:42] Starting [36mclean-extension-media-preview[39m ...
[20:07:42] Starting [36mclean-extension-merge-conflict[39m ...
[20:07:42] Starting [36mclean-extension-mermaid-chat-features[39m ...
[20:07:42] Starting [36mclean-extension-terminal-suggest[39m ...
[20:07:42] Starting [36mclean-extension-microsoft-authentication[39m ...
[20:07:42] Starting [36mclean-extension-notebook-renderers[39m ...
[20:07:42] Starting [36mclean-extension-npm[39m ...
[20:07:42] Starting [36mclean-extension-php-language-features[39m ...
[20:07:42] Starting [36mclean-extension-references-view[39m ...
[20:07:42] Starting [36mclean-extension-search-result[39m ...
[20:07:42] Starting [36mclean-extension-simple-browser[39m ...
[20:07:42] Starting [36mclean-extension-tunnel-forwarding[39m ...
[20:07:42] Starting [36mclean-extension-typescript-language-features-web[39m ...
[20:07:42] Starting [36mclean-extension-typescript-language-features[39m ...
[20:07:42] Starting [36mclean-extension-vscode-api-tests[39m ...
[20:07:42] Starting [36mclean-extension-vscode-colorize-tests[39m ...
[20:07:42] Starting [36mclean-extension-vscode-colorize-perf-tests[39m ...
[20:07:42] Starting [36mclean-extension-vscode-test-resolver[39m ...
[20:07:42] Starting [36mclean-extension-vscode-selfhost-test-provider[39m ...
[20:07:42] Starting [36mclean-extension-vscode-selfhost-import-aid[39m ...
[20:07:42] Starting [36mcompile-extension-media[39m ...
[20:07:42] Finished [36mclean-out[39m after [35m69 ms[39m
[20:07:42] Starting [36mcopy-codicons[39m ...
[20:07:42] Finished [36mcopy-codicons[39m after [35m1 ms[39m
[20:07:42] Starting [36mcompile-api-proposal-names[39m ...
[20:07:42] Starting [32mcompilation[39m[34m api-proposal-names[39m...
[20:07:42] Finished [36mclean-extension-configuration-editing[39m after [35m110 ms[39m
[20:07:42] Starting [36mcompile-extension:configuration-editing[39m ...
[20:07:42] Finished [36mclean-extension-css-language-features-client[39m after [35m141 ms[39m
[20:07:42] Starting [36mcompile-extension:css-language-features-client[39m ...
[20:07:42] Finished [36mclean-extension-css-language-features-server[39m after [35m167 ms[39m
[20:07:42] Starting [36mcompile-extension:css-language-features-server[39m ...
[20:07:42] Finished [36mclean-extension-debug-auto-launch[39m after [35m180 ms[39m
[20:07:42] Starting [36mcompile-extension:debug-auto-launch[39m ...
[20:07:42] Finished [36mclean-extension-debug-server-ready[39m after [35m206 ms[39m
[20:07:42] Starting [36mcompile-extension:debug-server-ready[39m ...
[20:07:42] Finished [36mclean-extension-emmet[39m after [35m224 ms[39m
[20:07:42] Starting [36mcompile-extension:emmet[39m ...
[20:07:42] Finished [36mclean-extension-extension-editing[39m after [35m249 ms[39m
[20:07:42] Starting [36mcompile-extension:extension-editing[39m ...
[20:07:42] Finished [36mclean-extension-git[39m after [35m293 ms[39m
[20:07:42] Starting [36mcompile-extension:git[39m ...
[20:07:42] Finished [36mclean-extension-git-base[39m after [35m329 ms[39m
[20:07:42] Starting [36mcompile-extension:git-base[39m ...
[20:07:42] Finished [36mclean-extension-github[39m after [35m353 ms[39m
[20:07:42] Starting [36mcompile-extension:github[39m ...
[20:07:42] Finished [36mclean-extension-github-authentication[39m after [35m376 ms[39m
[20:07:42] Starting [36mcompile-extension:github-authentication[39m ...
[20:07:42] Finished [36mclean-extension-grunt[39m after [35m386 ms[39m
[20:07:42] Starting [36mcompile-extension:grunt[39m ...
[20:07:42] Finished [36mclean-extension-gulp[39m after [35m408 ms[39m
[20:07:42] Starting [36mcompile-extension:gulp[39m ...
[20:07:42] Finished [36mclean-extension-html-language-features-client[39m after [35m432 ms[39m
[20:07:42] Starting [36mcompile-extension:html-language-features-client[39m ...
[20:07:42] Finished [36mclean-extension-html-language-features-server[39m after [35m464 ms[39m
[20:07:42] Starting [36mcompile-extension:html-language-features-server[39m ...
[20:07:42] Finished [36mclean-extension-ipynb[39m after [35m482 ms[39m
[20:07:42] Starting [36mcompile-extension:ipynb[39m ...
[20:07:42] Finished [36mclean-extension-jake[39m after [35m507 ms[39m
[20:07:42] Starting [36mcompile-extension:jake[39m ...
[20:07:42] Finished [36mclean-extension-json-language-features-client[39m after [35m526 ms[39m
[20:07:42] Starting [36mcompile-extension:json-language-features-client[39m ...
[20:07:42] Finished [36mclean-extension-json-language-features-server[39m after [35m567 ms[39m
[20:07:42] Starting [36mcompile-extension:json-language-features-server[39m ...
[20:07:42] Finished [36mclean-extension-markdown-language-features[39m after [35m600 ms[39m
[20:07:42] Starting [36mcompile-extension:markdown-language-features[39m ...
[20:07:42] Finished [36mclean-extension-markdown-math[39m after [35m626 ms[39m
[20:07:42] Starting [36mcompile-extension:markdown-math[39m ...
[20:07:42] Finished [36mclean-extension-media-preview[39m after [35m648 ms[39m
[20:07:42] Starting [36mcompile-extension:media-preview[39m ...
[20:07:42] Finished [36mclean-extension-merge-conflict[39m after [35m690 ms[39m
[20:07:42] Starting [36mcompile-extension:merge-conflict[39m ...
[20:07:42] Finished [36mclean-extension-mermaid-chat-features[39m after [35m729 ms[39m
[20:07:42] Starting [36mcompile-extension:mermaid-chat-features[39m ...
[20:07:43] Finished [36mclean-extension-terminal-suggest[39m after [35m768 ms[39m
[20:07:43] Starting [36mcompile-extension:terminal-suggest[39m ...
[20:07:43] Finished [36mclean-extension-microsoft-authentication[39m after [35m804 ms[39m
[20:07:43] Starting [36mcompile-extension:microsoft-authentication[39m ...
[20:07:43] Finished [36mclean-extension-notebook-renderers[39m after [35m838 ms[39m
[20:07:43] Starting [36mcompile-extension:notebook-renderers[39m ...
[20:07:43] Finished [36mclean-extension-npm[39m after [35m874 ms[39m
[20:07:43] Starting [36mcompile-extension:npm[39m ...
[20:07:43] Finished [36mclean-extension-php-language-features[39m after [35m964 ms[39m
[20:07:43] Starting [36mcompile-extension:php-language-features[39m ...
[20:07:43] Finished [36mclean-extension-references-view[39m after [35m1026 ms[39m
[20:07:43] Starting [36mcompile-extension:references-view[39m ...
[20:07:43] Finished [36mclean-extension-search-result[39m after [35m1078 ms[39m
[20:07:43] Starting [36mcompile-extension:search-result[39m ...
[20:07:43] Finished [36mclean-extension-simple-browser[39m after [35m1133 ms[39m
[20:07:43] Starting [36mcompile-extension:simple-browser[39m ...
[20:07:43] Finished [36mclean-extension-tunnel-forwarding[39m after [35m1181 ms[39m
[20:07:43] Starting [36mcompile-extension:tunnel-forwarding[39m ...
[20:07:43] Finished [36mclean-extension-typescript-language-features-web[39m after [35m1224 ms[39m
[20:07:43] Starting [36mcompile-extension:typescript-language-features-web[39m ...
[20:07:43] Finished [36mclean-extension-typescript-language-features[39m after [35m1283 ms[39m
[20:07:43] Starting [36mcompile-extension:typescript-language-features[39m ...
[20:07:43] Finished [36mclean-extension-vscode-api-tests[39m after [35m1339 ms[39m
[20:07:43] Starting [36mcompile-extension:vscode-api-tests[39m ...
[20:07:43] Finished [36mclean-extension-vscode-colorize-tests[39m after [35m1413 ms[39m
[20:07:43] Starting [36mcompile-extension:vscode-colorize-tests[39m ...
[20:07:43] Finished [36mclean-extension-vscode-colorize-perf-tests[39m after [35m1452 ms[39m
[20:07:43] Starting [36mcompile-extension:vscode-colorize-perf-tests[39m ...
[20:07:43] Finished [36mclean-extension-vscode-test-resolver[39m after [35m1564 ms[39m
[20:07:43] Starting [36mcompile-extension:vscode-test-resolver[39m ...
[20:07:43] Finished [36mclean-extension-vscode-selfhost-test-provider[39m after [35m1630 ms[39m
[20:07:43] Starting [36mcompile-extension:vscode-selfhost-test-provider[39m ...
[20:07:43] Finished [36mclean-extension-vscode-selfhost-import-aid[39m after [35m1678 ms[39m
[20:07:43] Starting [36mcompile-extension:vscode-selfhost-import-aid[39m ...
[20:07:44] Finished [32mesbuilding extension media[39m /home/runner/work/vscode/vscode/extensions/markdown-math/esbuild.notebook.mts with 0 errors.
[20:07:44] Finished [32mesbuilding extension media[39m /home/runner/work/vscode/vscode/extensions/simple-browser/esbuild.webview.mts with 0 errors.
[20:07:44] Finished [32mesbuilding extension media[39m /home/runner/work/vscode/vscode/extensions/notebook-renderers/esbuild.notebook.mts with 0 errors.
[20:07:44] Finished [32mesbuilding extension media[39m /home/runner/work/vscode/vscode/extensions/markdown-language-features/esbuild.notebook.mts with 0 errors.
[20:07:44] Finished [32mesbuilding extension media[39m /home/runner/work/vscode/vscode/extensions/markdown-language-features/esbuild.webview.mts with 0 errors.
[20:07:44] Finished [32mesbuilding extension media[39m /home/runner/work/vscode/vscode/extensions/ipynb/esbuild.notebook.mts with 0 errors.
[20:07:46] Finished [32mesbuilding extension media[39m /home/runner/work/vscode/vscode/extensions/mermaid-chat-features/esbuild.webview.mts with 0 errors.
[20:07:46] Finished [36mcompile-extension-media[39m after [35m4647 ms[39m
[20:07:48] Finished [36mcompile-extension:debug-auto-launch[39m after [35m6267 ms[39m
[20:07:48] Finished [36mcompile-extension:gulp[39m after [35m6087 ms[39m
[20:07:48] Finished [36mcompile-extension:markdown-math[39m after [35m5907 ms[39m
[20:07:48] Finished [36mcompile-extension:debug-server-ready[39m after [35m6470 ms[39m
[20:07:49] Finished [36mcompile-extension:grunt[39m after [35m6383 ms[39m
[20:07:49] Finished [36mcompile-extension:jake[39m after [35m6942 ms[39m
[20:07:49] Finished [36mcompile-extension:tunnel-forwarding[39m after [35m6265 ms[39m
[20:07:50] Finished [36mcompile-extension:extension-editing[39m after [35m7487 ms[39m
[20:07:50] Finished [36mcompile-extension:css-language-features-client[39m after [35m8074 ms[39m
[20:07:50] Finished [36mcompile-extension:git-base[39m after [35m8263 ms[39m
[20:07:50] Finished [36mcompile-extension:media-preview[39m after [35m8060 ms[39m
[20:07:51] Finished [36mcompile-extension:references-view[39m after [35m7757 ms[39m
[20:07:51] Finished [36mcompile-extension:json-language-features-server[39m after [35m8222 ms[39m
[20:07:51] Finished [36mcompile-extension:mermaid-chat-features[39m after [35m8060 ms[39m
[20:07:51] Finished [36mcompile-extension:html-language-features-client[39m after [35m8532 ms[39m
[20:07:51] Finished [36mcompile-extension:css-language-features-server[39m after [35m8892 ms[39m
[20:07:51] Finished [36mcompile-extension:merge-conflict[39m after [35m8457 ms[39m
[20:07:51] Finished [36mcompile-extension:vscode-colorize-perf-tests[39m after [35m7695 ms[39m
[20:07:51] Finished [36mcompile-extension:search-result[39m after [35m8225 ms[39m
[20:07:51] Finished [36mcompile-extension:vscode-test-resolver[39m after [35m7757 ms[39m
[20:07:51] Finished [36mcompile-extension:json-language-features-client[39m after [35m8853 ms[39m
[20:07:51] Finished [36mcompile-extension:github-authentication[39m after [35m9026 ms[39m
[20:07:51] Finished [36mcompile-extension:github[39m after [35m9085 ms[39m
[20:07:51] Finished [36mcompile-extension:simple-browser[39m after [35m8314 ms[39m
[20:07:51] Finished [36mcompile-extension:npm[39m after [35m8593 ms[39m
[20:07:51] Finished [36mcompile-extension:microsoft-authentication[39m after [35m8705 ms[39m
[20:07:51] Finished [36mcompile-extension:ipynb[39m after [35m9096 ms[39m
[20:07:51] Finished [36mcompile-extension:php-language-features[39m after [35m8608 ms[39m
[20:07:51] Finished [36mcompile-extension:vscode-api-tests[39m after [35m8259 ms[39m
[20:07:51] Finished [36mcompile-extension:emmet[39m after [35m9435 ms[39m
[20:07:51] Finished [36mcompile-extension:notebook-renderers[39m after [35m8826 ms[39m
[20:07:52] Finished [36mcompile-extension:typescript-language-features-web[39m after [35m8511 ms[39m
[20:07:52] Finished [36mcompile-extension:vscode-colorize-tests[39m after [35m8359 ms[39m
[20:07:52] Finished [36mcompile-extension:git[39m after [35m9521 ms[39m
[20:07:52] Finished [36mcompile-extension:html-language-features-server[39m after [35m9364 ms[39m
[20:07:52] Finished [36mcompile-extension:markdown-language-features[39m after [35m9275 ms[39m
[20:07:52] Finished [36mcompile-extension:configuration-editing[39m after [35m9782 ms[39m
[20:07:52] Finished [36mcompile-extension:vscode-selfhost-import-aid[39m after [35m8208 ms[39m
[20:07:52] Finished [36mcompile-extension:vscode-selfhost-test-provider[39m after [35m8255 ms[39m
(node:6808) [DEP0180] DeprecationWarning: fs.Stats constructor is deprecated.
(Use `node --trace-deprecation ...` to show where the warning was created)
[20:07:52] Finished [32mcompilation[39m[34m api-proposal-names[39m with 0 errors after [35m9851 ms[39m
[20:07:52] Finished [36mcompile-api-proposal-names[39m after [35m9887 ms[39m
[20:07:52] Starting [36mcompile-extension-point-names[39m ...
[20:07:52] Starting [32mcompilation[39m[34m extension-point-names[39m...
[20:07:52] Finished [36mcompile-extension:typescript-language-features[39m after [35m8865 ms[39m
[20:07:52] Finished [36mcompile-extension:terminal-suggest[39m after [35m9499 ms[39m
[20:07:52] Starting [36mcompile-extensions[39m ...
[20:07:52] Finished [36mcompile-extensions[39m after [35m0 ms[39m
[20:07:53] Finished [32mcompilation[39m[34m extension-point-names[39m with 0 errors after [35m1379 ms[39m
[20:07:53] Finished [36mcompile-extension-point-names[39m after [35m1380 ms[39m
[20:07:53] Starting [36mcompile-src[39m ...
[20:08:03] Starting [32mcompilation[39m...
[20:10:17] Finished [36mmonaco-typecheck[39m after [35m155233 ms[39m
[20:10:18] Finished [32mcompilation[39m with 0 errors after [35m135640 ms[39m
[20:10:18] Finished [36mcompile-src[39m after [35m145317 ms[39m
[20:10:18] Starting [36mcompile-client[39m ...
[20:10:18] Finished [36mcompile-client[39m after [35m0 ms[39m
[20:10:18] Starting [36mcompile[39m ...
[20:10:18] Finished [36mcompile[39m after [35m0 ms[39m
[20:10:18] Finished 'compile' after 2.6 min
