npm warn Unknown project config "disturl". This will stop working in the next major version of npm.
npm warn Unknown project config "target". This will stop working in the next major version of npm.
npm warn Unknown project config "ms_build_id". This will stop working in the next major version of npm.
npm warn Unknown project config "runtime". This will stop working in the next major version of npm.
npm warn Unknown project config "build_from_source". This will stop working in the next major version of npm.
npm warn Unknown project config "timeout". This will stop working in the next major version of npm.

> code-oss-dev@1.108.0 download-builtin-extensions
> node build/lib/builtInExtensions.ts

[06:23:35] Synchronizing built-in extensions...
[06:23:35] You can manage built-in extensions with the [36m--builtin[39m flag
[06:23:35] Downloading extension from GH: [33mms-vscode.js-debug-companion@1.1.3[39m ...
[06:23:35] Downloading extension from GH: [33mms-vscode.js-debug@1.105.0[39m ...
[06:23:35] Downloading extension from GH: [33mms-vscode.vscode-js-profile-table@1.0.10[39m ...
(node:41903) [DEP0180] DeprecationWarning: fs.Stats constructor is deprecated.
(Use `node --trace-deprecation ...` to show where the warning was created)
[06:23:35] [34m[github][39m ms-vscode.js-debug-companion [32m✔︎[39m
[06:23:36] [34m[github][39m ms-vscode.vscode-js-profile-table [32m✔︎[39m
[06:23:36] [34m[github][39m ms-vscode.js-debug [32m✔︎[39m
npm warn Unknown project config "disturl". This will stop working in the next major version of npm.
npm warn Unknown project config "target". This will stop working in the next major version of npm.
npm warn Unknown project config "ms_build_id". This will stop working in the next major version of npm.
npm warn Unknown project config "runtime". This will stop working in the next major version of npm.
npm warn Unknown project config "build_from_source". This will stop working in the next major version of npm.
npm warn Unknown project config "timeout". This will stop working in the next major version of npm.

> code-oss-dev@1.108.0 gulp
> node --max-old-space-size=8192 ./node_modules/gulp/bin/gulp.js node

[06:23:41] Using gulpfile /app/gulpfile.mjs
[06:23:41] Starting 'node'...
[06:23:41] Downloading node.js 22.21.1 linux x64 from https://nodejs.org...
[06:23:41] Using SHA256 checksum for checking integrity: 219a152ea859861d75adea578bdec3dce8143853c13c5187f40c40e77b0143b2
[06:23:49] Finished 'node' after 8.11 s
Starting @vscode/test-web: /app/node_modules/@vscode/test-web/out/server/index.js --host localhost --port 8080 --browserType none --sourcesPath /app
@vscode/test-web: 0.0.76
Serving VS Code sources from /app
Listening on http://localhost:8080
Using ESM loader: true
[0mGET /static/sources/out/vs/workbench/workbench.web.main.css [33m404[0m 5.400 ms - 9[0m
